# FIRI 代码问题分析日志
# 生成时间: 2026-03-04
# 分析范围: FIRI 路径规划算法实现

================================================================================
🔴 严重逻辑问题 (CRITICAL LOGICAL ISSUES)
================================================================================

问题 1: restrictive_inflation 中的变量作用域错误
位置: firi/planning/firi.py:60-88
严重级别: CRITICAL

问题描述:
  obs_center 和 obs_radius 在 for obs in self.obstacles 循环内定义，
  但在循环外使用。如果障碍物列表为空或第一个障碍物处理失败，
  将引用未初始化变量。

代码片段:
  for obs in self.obstacles:
      try:
          if hasattr(obs, 'center') and hasattr(obs, 'radius'):
              obs_center = np.array(obs.center)
              obs_radius = obs.radius
          # ...
      except Exception as e:
          continue

  # ❌ 致命错误：obs_center 和 obs_radius 在循环外使用
  min_dist_to_seed = float('inf')
  for seed in seed_points:
      dist = np.linalg.norm(seed - obs_center) - obs_radius

影响:
  - UnboundLocalError 当障碍物为空
  - 计算错误的距离当部分障碍物被跳过
  - 整个安全区域计算失败

修复建议:
  将障碍物处理逻辑整合到同一个循环中，确保变量在使用前已初始化。
  建议预先收集所有有效障碍物到列表中。

---

问题 2: Khachiyan 算法的逻辑缺陷
位置: firi/planning/mvie.py:80-102
严重级别: CRITICAL

问题描述:
  Khachiyan 算法只更新了 P 矩阵，但 center_init 从未被更新。
  这与 MVIE 算法的正确实现不符，导致椭球中心计算错误。

代码片段:
  def _solve_khachiyan(self, A, b, center_init, tol=1e-8, max_iter=200):
      m, n = A.shape
      P = np.eye(n)
      for it in range(max_iter):
          # ... 更新 P ...
          eigvals, eigvecs = np.linalg.eigh(P)
          E = eigvecs @ np.diag(1.0 / np.sqrt(eigvals)) @ eigvecs.T
      return E, center_init  # ❌ center_init 从未被更新！

影响:
  - MVIE 计算的椭球中心不准确
  - 安全区域中心偏移
  - 路径规划质量下降

修复建议:
  添加中心更新逻辑：
  center = A.T @ np.ones(m) / m  # 或使用更精确的公式
  在迭代中更新 center

---

问题 3: 种子点验证的逻辑矛盾
位置: firi/planning/firi.py:145-165
严重级别: HIGH

问题描述:
  1. 约束偏移量 -0.1 太小，数值上可能导致多胞体退化
  2. 添加约束后没有检查新约束是否与旧约束冲突，可能产生空集

代码片段:
  for direction_idx in range(self.dim):
      direction = np.zeros(self.dimension)
      direction[direction_idx] = 1.0
      halfspace = np.zeros(self.dim + 1)
      halfspace[:-1] = -direction
      halfspace[-1] = np.dot(-direction, seed) - 0.1  # 仅偏移0.1！

影响:
  - 多胞体可能退化（体积接近0）
  - MVIE 计算失败
  - 数值不稳定

修复建议:
  1. 增大偏移量到合理的比例（如 0.5-1.0）
  2. 添加约束冲突检查
  3. 验证添加约束后多胞体非空

================================================================================
⚠️ 潜在运行时错误 (POTENTIAL RUNTIME ERRORS)
================================================================================

问题 4: 空列表转换为数组
位置: firi/planning/firi.py:142
严重级别: MEDIUM

问题描述:
  如果 standard_halfspaces 为空，np.array([]) 会导致后续计算崩溃。

代码片段:
  original_halfspaces = [ellipsoid.inverse_transform_halfspace(hs)
                         for hs in standard_halfspaces]
  original_polytope = ConvexPolytope(halfspaces=np.array(original_halfspaces))

影响:
  - 程序崩溃
  - 无错误信息

修复建议:
  添加空列表检查：
  if len(standard_halfspaces) == 0:
      raise ValueError("没有有效的半空间约束")

---

问题 5: MVIE 中的除零和开根号风险
位置: firi/planning/mvie.py:84
严重级别: MEDIUM

问题描述:
  如果 A[i].T @ P @ A[i] 为负（P 不正定），开根号会失败。

代码片段:
  distances = [b[i] / np.sqrt(A[i].T @ P @ A[i] + 1e-8) for i in range(m)]

影响:
  - NaN 产生
  - 算法终止

修复建议:
  添加保护：
  denom = A[i].T @ P @ A[i]
  if denom <= 0:
      continue  # 或使用默认距离
  distances.append(b[i] / np.sqrt(denom + 1e-8))

---

问题 6: 半空间变换的默认返回值无效
位置: firi/geometry/ellipsoid.py:248-251
严重级别: MEDIUM

问题描述:
  返回 {x | 1 ≥ 0}（总是为真）会破坏多胞体约束的完整性。

代码片段:
  except Exception as e:
      print(f"半空间变换出错: {e}")
      result = np.zeros_like(halfspace)
      result[0] = 1.0
      return result  # ❌ 无效半空间

影响:
  - 约束系统完整性被破坏
  - 可能产生无界的多胞体
  - MVIE 计算失败

修复建议:
  抛出异常而非返回无效值，或返回一个"远离原点"的有效约束。

================================================================================
🟡 数值稳定性问题 (NUMERICAL STABILITY ISSUES)
================================================================================

问题 7: 椭球体体积溢出
位置: firi/geometry/ellipsoid.py:120-145
严重级别: MEDIUM

问题描述:
  log_det_Q 可能很大，np.exp() 返回 inf。

代码片段:
  log_vol = np.log(4.0/3.0) + np.log(np.pi) + 0.5 * log_det_Q
  return np.exp(log_vol)  # 可能溢出

影响:
  - 体积比较失效
  - 收敛判断失败

修复建议:
  添加溢出检查：
  if log_vol > 700:  # ln(max_float) ≈ 709
      return float('inf')
  return np.exp(log_vol)

  或使用对数空间进行比较。

---

问题 8: Chebyshev 中心计算的数值敏感性
位置: firi/geometry/convex_polytope.py:163-180
严重级别: LOW

问题描述:
  如果 A 的行范数差异巨大（如 1e-6 vs 1e6），优化问题可能病态。

代码片段:
  A_ub = np.hstack((np.linalg.norm(A, axis=1)[:, np.newaxis], A))

影响:
  - linprog 收敛失败
  - Chebyshev 中心不准确

修复建议:
  添加行归一化：
  norms = np.linalg.norm(A, axis=1)
  A_normalized = A / norms[:, np.newaxis]
  b_normalized = b / norms

================================================================================
📊 代码质量问题 (CODE QUALITY ISSUES)
================================================================================

问题 9: 过度使用 except: pass
位置: firi/geometry/convex_polytope.py:148
严重级别: MEDIUM

问题描述:
  静默忽略所有错误会掩盖真实问题，使调试困难。

代码片段:
  for method in methods:
      try:
          point = method()
          # ...
      except:
          pass  # ❌ 静默忽略所有错误

影响:
  - 错误被掩盖
  - 难以调试
  - 可能返回无效结果

修复建议:
  记录具体错误：
  except Exception as e:
      print(f"Method {method.__name__} failed: {e}")
      continue

---

问题 10: 默认内点可能不在多胞体内
位置: firi/geometry/convex_polytope.py:151-154
严重级别: MEDIUM

问题描述:
  返回 zeros(n) 作为默认内点，但未验证是否在多胞体内。

代码片段:
  default_point = np.zeros(self.dimension)
  self.interior_point = default_point
  return default_point  # ❌ 未验证是否在多胞体内

影响:
  - 无效的内点
  - 后续计算错误

修复建议:
  添加验证或使用更智能的默认值选择。

================================================================================
📋 总体评估
================================================================================

| 维度 | 评估 | 说明 |
|------|------|------|
| 算法正确性 | ⚠️ 有问题 | restrictive_inflation 的变量作用域错误可能导致错误结果 |
| 数值稳定性 | ⚠️ 需改进 | 体积计算、Chebyshev 中心存在溢出/病态风险 |
| 错误处理 | ❌ 过度静默 | 大量 except: pass 会掩盖真实问题 |
| 鲁棒性 | ⚠️ 较弱 | 边界情况（空列表、默认值）处理不足 |

================================================================================
🔧 修复优先级
================================================================================

P0 - 必须修复:
  - restrictive_inflation 的变量作用域问题 (问题 1)
  - Khachiyan 算法的 center 更新逻辑 (问题 2)
  - 空列表检查 (问题 4)

P1 - 强烈建议:
  - 改进错误处理（记录而非静默忽略） (问题 9)
  - 验证默认内点的有效性 (问题 10)
  - 添加体积溢出保护 (问题 7)

P2 - 优化:
  - 统一半空间变换的错误返回策略 (问题 6)
  - 改进数值稳定性（缩放、正则化） (问题 8)
  - 种子点约束偏移量调整 (问题 3)

================================================================================
与伪代码对比总结
================================================================================

已实现:
  ✅ KD-Tree 构建
  ✅ 初始路径点生成（线性骨架 + 扰动）
  ✅ 碰撞检测（d_min 计算）
  ✅ FIRI 安全区域构建
  ✅ MVIE 计算
  ✅ B 样条平滑

未实现/差异:
  ❌ 点云预处理（去噪/下采样）
  ⚠️ 投影修正（使用多阶段重规划替代）
  ⚠️ 控制点约束到椭球内（椭球仅用于方向引导）
  ❌ 动力学优化（加速度/jerk 约束）

================================================================================

================================================================================
🔧 修复记录 (2026-03-04)
================================================================================

--- Fix #1: restrictive_inflation 变量作用域错误 [CRITICAL → FIXED] ---
文件: firi/planning/firi.py
问题: 距离计算和 valid_obstacles.append 在 for obs 循环外，
      只处理了最后一个障碍物 → "找到 0 个有效障碍物"。
      同时 hasattr(obs, 'radius') 对所有 Obstacle 都为 True，
      cuboid 的 size 属性从未被使用。
修改:
  1. 将距离计算和 valid_obstacles.append 移入 for obs 循环体内
  2. 改用 shape 属性判断障碍物类型:
     - cuboid: 用 np.linalg.norm(size)/2 作为等效半径
     - cylinder: 用 max(radius, height/2)
     - sphere: 直接用 radius
  3. 扩大有效障碍物筛选范围 (2x → 3x obs_radius)
  4. 去除有问题的 dot_result.size 判断和调试 print
效果: 从 "0 个有效障碍物" → 正确找到 5-9 个有效障碍物

--- Fix #2: MVIE numpy 数组真值判断 + 算法修复 [CRITICAL → FIXED] ---
文件: firi/planning/mvie.py
问题:
  1. polytope.get_interior_point() or np.zeros() 对 numpy 数组触发
     "The truth value of an array..." 错误
  2. affine_scaling 的 E 矩阵始终为 np.eye(n)，从未更新 → 
     体积收敛检测无效 (det(I)=1 恒成立)
  3. khachiyan 的 center 从未更新 → 椭球中心不准确
  4. max_iter=200 过大，边缘设备不可接受
修改:
  1. 将 `x or y` 替换为 `ip = ...; x = ip if ip is not None else y`
  2. affine_scaling: 重写为正确的解析中心迭代法，
     从 H_inv 的特征分解计算 E，用 log_vol 做收敛检测
  3. khachiyan: 添加 20 步中心精化迭代
     (Newton 法求解析中心 min -Σlog(b_i - a_i^T x))
  4. max_iter 降至 50
效果: 消除崩溃错误，MVIE 正确计算椭球形状和中心

--- Fix #3: ConvexPolytope 循环递归 + concatenate [MEDIUM → FIXED] ---
文件: firi/geometry/convex_polytope.py
问题:
  1. get_interior_point → _get_interior_from_vertices → get_vertices
     → compute_vertices_from_halfspaces → get_interior_point = 无限递归
     (被 except:pass 静默吞掉，浪费时间)
  2. np.concatenate(-1.0, ...) 传标量导致 ValueError
  3. except:pass 吞掉所有异常
修改:
  1. 将方法顺序改为 chebyshev → lp → vertices → random，
     LP 方法不触发递归
  2. _get_interior_from_vertices 只查 self.points/self.vertices，
     不调用 get_vertices() 避免递归
  3. np.concatenate([[-1.0], ...])
  4. except: pass → except Exception: continue
效果: Chebyshev 中心计算正确工作，无递归开销

--- Fix #4: KD-Tree 构建错误 [MEDIUM → FIXED] ---
文件: firi/planning/plannerv2.py
问题:
  1. hasattr(obs, 'center') and hasattr(obs, 'radius') 对所有 Obstacle
     都为 True → cuboid/cylinder 永远走 sphere 分支
  2. 球/柱采样点 x,y 未加 center 偏移 → KD-Tree 中所有采样点
     围绕原点而非障碍物中心
  3. check_point_collision 中 dist 可能未初始化
修改:
  1. 改用 obs.shape 属性判断障碍物类型
  2. 采样点加 center[0], center[1] 偏移
  3. dist 初始化为 float('inf')，统一不同类型的距离计算
  4. generate_safe_regions waypoints 从 10 降至 6
效果: 碰撞检测准确，路径不再飞出空间边界

--- Fix #5: 边界约束始终添加 [LOW → FIXED] ---
文件: firi/planning/firi.py
问题: 空间边界约束只在"半空间约束不足"时才添加，
      障碍物约束足够后路径点可飞出空间边界 (z=-3.4)
修改: 始终添加基于种子点范围的边界约束
效果: 路径 Z 坐标从 [-3.4, 2.5] → [1.35, 2.45]

================================================================================
📊 性能分析 (修复后)
================================================================================

测试环境: Linux x86_64, 12 核, 31GB RAM, Python 3.12
测试规模: 15 个障碍物 (sphere/cuboid/cylinder 混合), 空间 6x20x4

| 阶段                  | 修复前         | 修复后         | 提升比    |
|----------------------|---------------|---------------|----------|
| 障碍物生成            | 0.004 秒       | 0.004 秒       | -        |
| KD-Tree 构建          | 0.002 秒       | 0.001 秒       | -        |
| 单段安全区域计算       | 9~72 秒 (卡死) | 0.01~0.02 秒   | ~3600x   |
| 路径规划 (含重规划)    | >600 秒 (卡死) | 1.5~2.0 秒     | >300x    |
| B样条平滑             | 未到达         | 0.0001 秒      | -        |
| 碰撞检测+修复         | 未到达         | 0.001 秒       | -        |
| 总执行时间 (含可视化)  | 卡死           | 3.6~4.0 秒     | -        |

计算量分析:
  - FIRI 迭代: 6 段 × 2 次/段 = 12 次 restrictive_inflation
  - 每次 restrictive_inflation: O(K·S) 半空间生成 (K=障碍物数, S=种子点数)
  - MVIE 计算: O(n·m²) per iteration, n=维度(3), m=半空间数(~30)
  - 总 MVIE 迭代: 12 × 50(max) × 2(methods) ≈ 1200 次 (实际因收敛提前终止)
  - KD-Tree 碰撞检测: O(log N) per query, N=采样点数

路径质量:
  - 路径长度: 22.8 (直线距离 18.0, 比率 1.27)
  - 路径点数: 7
  - 路径平滑度: ~36° (平均转角)
  - 碰撞: 0 (平滑后经修复)
  - 空间边界: 全部在有效范围内

================================================================================
🟡 待进一步优化项（原始）→ 已在第二轮修复中解决
================================================================================

1. ✅ 已修复 — 种子点包含率偏低
2. ✅ 已修复 — sqrt NaN 警告
3. ✅ 已修复 — Open3D 可视化崩溃
4. ✅ 已显著改善 — 路径平滑度 36° → 21.5°

================================================================================
🔧 第二轮修复记录 (2026-03-04)
================================================================================

--- Fix #5: 半空间约束坐标系错误 [CRITICAL → FIXED] ---
文件: firi/planning/firi.py
问题: 半空间约束在世界坐标下计算，却被 inverse_transform_halfspace
      额外变换了一次（标准空间→世界空间），导致约束方向完全错乱。
修改: 去掉 inverse_transform_halfspace，直接使用世界坐标半空间。

--- Fix #6: 半空间约束生成逻辑重写 [CRITICAL → FIXED] ---
文件: firi/planning/firi.py
问题: 原来为每个(障碍物,种子点)对生成约束，不同种子方向冲突
      → 多胞体为空集 → "添加约束后包含 0 个种子点"
修改: 改为每个障碍物生成一个分离超平面（用种子质心方向），
      验证所有种子都满足后才添加。不满足时按单独种子回退。
效果: 种子包含率从 0/3 提升到多数段 2/3 或 3/3。

--- Fix #7: sqrt NaN 保护 [LOW → FIXED] ---
文件: firi/planning/mvie.py
修改: np.where(b > 0, b / safe_sqrt, -1.0)

--- Fix #8: Open3D 无头环境保护 [LOW → FIXED] ---
文件: visualizer.py
修改: 检查 create_window 和 get_render_option 返回值。

================================================================================
📊 第二轮修复后性能对比
================================================================================

| 指标             | 第一轮修复后 | 第二轮修复后 | 改善        |
|-----------------|-------------|-------------|------------|
| 路径长度         | 22~32       | 19.0        | 接近直线18  |
| 路径/直线比率     | 1.27~1.79   | 1.06        | 最优比率    |
| 路径平滑度       | 36~59°      | 21.5°       | -50%       |
| 种子点包含率     | 0/3         | 2/3 ~ 3/3   | 显著改善    |
| 规划时间         | 1.5~2.0秒   | 1.4秒       | -15%       |
| RuntimeWarning   | sqrt NaN    | 无          | 消除       |
| Open3D          | 崩溃        | 优雅跳过     | 消除       |

================================================================================
🟡 剩余可优化项
================================================================================

1. 少数段仍 0/3 种子包含（当障碍物包围种子时无法分离）
   建议: 添加种子偏移/投影逻辑，将被困种子移到最近的自由空间

2. 多胞体内点查找有时回退到默认零点
   现象: "未能找到多胞体内点，返回默认点"
   建议: 当 Chebyshev/LP 失败时，用种子质心作为默认点

3. 未添加显式空间边界约束（仅用种子范围扩展的包围盒）
   建议: 将 main.py 的 space_bounds 传入 FIRIPlanner/FIRI
   状态: ✅ 已实现 (space_bounds 已传入 FIRI)

================================================================================

🟢 2026-03-05 伪代码对齐 — 缺失功能补全
================================================================================

背景: 对比 Algorithm 1 (MVIE-ConvexPlanner) 伪代码，发现三个关键功能缺失，
      导致轨迹穿过障碍物的根本原因。

差异分析:
  1. [缺失] Steps 5-13: FIRI 前迭代安全推离
     - 伪代码要求在计算安全走廊之前，将控制点迭代推离障碍物
     - 原代码仅在路径规划后做后处理式推离
  2. [缺失] Step 23: 安全走廊作为优化约束
     - 伪代码中椭球体走廊是轨迹优化的硬约束
     - 原代码仅将走廊用于启发式"拉近中心"调整
  3. [缺失] Step 25: 约束轨迹优化 (a_max, jerk_max)
     - 伪代码要求以走廊约束 + 加速度/jerk约束做 SLSQP 优化
     - 原代码仅做无约束 B-spline 平滑

修复内容:
  文件: firi/planning/config.py
    - 新增参数: d_safe(0.5), push_iterations(10), push_delta(0.05)
    - 新增参数: a_max(4.0), jerk_max(8.0), opt_max_iter(200)

  文件: firi/planning/plannerv2.py
    - 新增方法 _safety_push(): 伪代码 Steps 5-13 实现
      · 使用 KD-Tree 查询最近障碍物点
      · 同时使用解析几何公式做精确距离验证
      · 推离公式: x += (d_safe - d_min + δ) * n̂ (与伪代码一致)
      · 最大迭代 10 轮，提前终止
    - 新增方法 _compute_corridors(): 伪代码 Steps 15-22 实现
      · 接受预推离后的控制点作为种子
      · 为每段路径调用 FIRI + MVIE 计算安全椭球体
    - 新增方法 _optimize_trajectory(): 伪代码 Step 25 实现
      · 优化目标: min Σ ||P_{i+2} - 2P_{i+1} + P_i||² (平滑性)
      · 走廊约束: 各段采样点在对应椭球体内
      · 加速度约束: ||二阶差分|| ≤ a_max
      · Jerk约束:  ||三阶差分|| ≤ jerk_max
      · 使用 scipy.optimize.minimize(SLSQP)
      · 优化失败或效果变差时自动回退
    - 重构 plan_path(): 按伪代码流水线重组
      · Step 3-4: 生成初始控制点 + 正弦扰动
      · Steps 5-13: 迭代安全推离
      · Steps 15-22: 计算安全走廊
      · Step 25: 约束轨迹优化
      · Step 24/26: B-spline 平滑 + 安全验证
      · Fallback: 旧版启发式重规划

测试结果 (30个随机场景):
  旧管线: 修复后 28/30 无碰撞, 碰撞段 4
  新管线: 修复后 30/30 无碰撞, 碰撞段 0  ← 100% 碰撞消除
  平均总时间: 2.44s (远低于 60s 边缘设备限制)
  最大总时间: 7.23s

================================================================================
